build/app/intermediates/manifest_merge_blame_file/release/manifest-merger-blame-release-report.txt
1<?xml version="1.0" encoding="utf-8"?>
2<manifest xmlns:android="http://schemas.android.com/apk/res/android"
3    package="com.example.attendance_admin"
4    android:versionCode="1"
5    android:versionName="1.0.0" >
6
7    <uses-sdk
8        android:minSdkVersion="21"
8-->src\main\AndroidManifest.xml
9        android:targetSdkVersion="33" />
9-->src\main\AndroidManifest.xml
10
11    <uses-permission android:name="android.permission.INTERNET" />
11-->src\main\AndroidManifest.xml:4:5-67
11-->src\main\AndroidManifest.xml:4:22-64
12    <uses-permission android:name="android.permission.ACCESS_NETWORK_STATE" />
12-->src\main\AndroidManifest.xml:5:5-79
12-->src\main\AndroidManifest.xml:5:22-76
13    <uses-permission android:name="android.permission.ACCESS_FINE_LOCATION" />
13-->src\main\AndroidManifest.xml:6:5-79
13-->src\main\AndroidManifest.xml:6:22-76
14    <uses-permission android:name="android.permission.ACCESS_COARSE_LOCATION" />
14-->src\main\AndroidManifest.xml:7:5-81
14-->src\main\AndroidManifest.xml:7:22-78
15    <uses-permission android:name="android.permission.CAMERA" />
15-->src\main\AndroidManifest.xml:8:5-64
15-->src\main\AndroidManifest.xml:8:22-62
16    <uses-permission android:name="android.permission.READ_EXTERNAL_STORAGE" />
16-->src\main\AndroidManifest.xml:9:5-80
16-->src\main\AndroidManifest.xml:9:22-77
17    <uses-permission android:name="android.permission.WRITE_EXTERNAL_STORAGE" />
17-->src\main\AndroidManifest.xml:10:5-81
17-->src\main\AndroidManifest.xml:10:22-78
18    <uses-permission android:name="android.permission.POST_NOTIFICATIONS" />
18-->[:awesome_notifications] AndroidManifest.xml:7:5-77
18-->[:awesome_notifications] AndroidManifest.xml:7:22-74
19    <uses-permission android:name="android.permission.BROADCAST_CLOSE_SYSTEM_DIALOGS" />
19-->[:awesome_notifications] AndroidManifest.xml:8:5-89
19-->[:awesome_notifications] AndroidManifest.xml:8:22-86
20    <uses-permission android:name="android.permission.RECEIVE_BOOT_COMPLETED" />
20-->[:awesome_notifications] AndroidManifest.xml:9:5-81
20-->[:awesome_notifications] AndroidManifest.xml:9:22-78
21    <uses-permission android:name="android.permission.VIBRATE" />
21-->[:awesome_notifications] AndroidManifest.xml:10:5-66
21-->[:awesome_notifications] AndroidManifest.xml:10:22-63
22    <uses-permission
22-->[me.carda:AndroidAwnCore:0.8.0] AndroidManifest.xml:10:5-12:38
23        android:name="android.permission.BIND_NOTIFICATION_LISTENER_SERVICE"
23-->[me.carda:AndroidAwnCore:0.8.0] AndroidManifest.xml:11:9-77
24        android:maxSdkVersion="22" />
24-->[me.carda:AndroidAwnCore:0.8.0] AndroidManifest.xml:12:9-35
25
26    <uses-feature
26-->[com.google.android.gms:play-services-maps:18.1.0] AndroidManifest.xml:26:5-28:35
27        android:glEsVersion="0x00020000"
27-->[com.google.android.gms:play-services-maps:18.1.0] AndroidManifest.xml:27:9-41
28        android:required="true" />
28-->[com.google.android.gms:play-services-maps:18.1.0] AndroidManifest.xml:28:9-32
29
30    <queries>
30-->[com.google.android.gms:play-services-maps:18.1.0] AndroidManifest.xml:30:5-34:15
31
32        <!-- Needs to be explicitly declared on Android R+ -->
33        <package android:name="com.google.android.apps.maps" />
33-->[com.google.android.gms:play-services-maps:18.1.0] AndroidManifest.xml:33:9-64
33-->[com.google.android.gms:play-services-maps:18.1.0] AndroidManifest.xml:33:18-61
34    </queries>
35
36    <permission
36-->[androidx.core:core:1.10.1] AndroidManifest.xml:22:5-24:47
37        android:name="com.example.attendance_admin.DYNAMIC_RECEIVER_NOT_EXPORTED_PERMISSION"
37-->[androidx.core:core:1.10.1] AndroidManifest.xml:23:9-81
38        android:protectionLevel="signature" />
38-->[androidx.core:core:1.10.1] AndroidManifest.xml:24:9-44
39
40    <uses-permission android:name="com.example.attendance_admin.DYNAMIC_RECEIVER_NOT_EXPORTED_PERMISSION" /> <!-- for android -->
40-->[androidx.core:core:1.10.1] AndroidManifest.xml:26:5-97
40-->[androidx.core:core:1.10.1] AndroidManifest.xml:26:22-94
41    <!-- <uses-permission android:name="com.android.launcher.permission.READ_SETTINGS"/> -->
42    <!-- <uses-permission android:name="com.android.launcher.permission.WRITE_SETTINGS"/> -->
43    <!-- <uses-permission android:name="com.android.launcher.permission.INSTALL_SHORTCUT" /> -->
44    <!-- <uses-permission android:name="com.android.launcher.permission.UNINSTALL_SHORTCUT" /> -->
45    <!-- for Samsung -->
46    <uses-permission android:name="com.sec.android.provider.badge.permission.READ" />
46-->[me.leolin:ShortcutBadger:1.1.22] AndroidManifest.xml:19:5-86
46-->[me.leolin:ShortcutBadger:1.1.22] AndroidManifest.xml:19:22-83
47    <uses-permission android:name="com.sec.android.provider.badge.permission.WRITE" /> <!-- for htc -->
47-->[me.leolin:ShortcutBadger:1.1.22] AndroidManifest.xml:20:5-87
47-->[me.leolin:ShortcutBadger:1.1.22] AndroidManifest.xml:20:22-84
48    <uses-permission android:name="com.htc.launcher.permission.READ_SETTINGS" />
48-->[me.leolin:ShortcutBadger:1.1.22] AndroidManifest.xml:23:5-81
48-->[me.leolin:ShortcutBadger:1.1.22] AndroidManifest.xml:23:22-78
49    <uses-permission android:name="com.htc.launcher.permission.UPDATE_SHORTCUT" /> <!-- for sony -->
49-->[me.leolin:ShortcutBadger:1.1.22] AndroidManifest.xml:24:5-83
49-->[me.leolin:ShortcutBadger:1.1.22] AndroidManifest.xml:24:22-80
50    <uses-permission android:name="com.sonyericsson.home.permission.BROADCAST_BADGE" />
50-->[me.leolin:ShortcutBadger:1.1.22] AndroidManifest.xml:27:5-88
50-->[me.leolin:ShortcutBadger:1.1.22] AndroidManifest.xml:27:22-85
51    <uses-permission android:name="com.sonymobile.home.permission.PROVIDER_INSERT_BADGE" /> <!-- for apex -->
51-->[me.leolin:ShortcutBadger:1.1.22] AndroidManifest.xml:28:5-92
51-->[me.leolin:ShortcutBadger:1.1.22] AndroidManifest.xml:28:22-89
52    <uses-permission android:name="com.anddoes.launcher.permission.UPDATE_COUNT" /> <!-- for solid -->
52-->[me.leolin:ShortcutBadger:1.1.22] AndroidManifest.xml:31:5-84
52-->[me.leolin:ShortcutBadger:1.1.22] AndroidManifest.xml:31:22-81
53    <uses-permission android:name="com.majeur.launcher.permission.UPDATE_BADGE" /> <!-- for huawei -->
53-->[me.leolin:ShortcutBadger:1.1.22] AndroidManifest.xml:34:5-83
53-->[me.leolin:ShortcutBadger:1.1.22] AndroidManifest.xml:34:22-80
54    <uses-permission android:name="com.huawei.android.launcher.permission.CHANGE_BADGE" />
54-->[me.leolin:ShortcutBadger:1.1.22] AndroidManifest.xml:37:5-91
54-->[me.leolin:ShortcutBadger:1.1.22] AndroidManifest.xml:37:22-88
55    <uses-permission android:name="com.huawei.android.launcher.permission.READ_SETTINGS" />
55-->[me.leolin:ShortcutBadger:1.1.22] AndroidManifest.xml:38:5-92
55-->[me.leolin:ShortcutBadger:1.1.22] AndroidManifest.xml:38:22-89
56    <uses-permission android:name="com.huawei.android.launcher.permission.WRITE_SETTINGS" /> <!-- for ZUK -->
56-->[me.leolin:ShortcutBadger:1.1.22] AndroidManifest.xml:39:5-93
56-->[me.leolin:ShortcutBadger:1.1.22] AndroidManifest.xml:39:22-90
57    <uses-permission android:name="android.permission.READ_APP_BADGE" /> <!-- for OPPO -->
57-->[me.leolin:ShortcutBadger:1.1.22] AndroidManifest.xml:42:5-73
57-->[me.leolin:ShortcutBadger:1.1.22] AndroidManifest.xml:42:22-70
58    <uses-permission android:name="com.oppo.launcher.permission.READ_SETTINGS" />
58-->[me.leolin:ShortcutBadger:1.1.22] AndroidManifest.xml:45:5-82
58-->[me.leolin:ShortcutBadger:1.1.22] AndroidManifest.xml:45:22-79
59    <uses-permission android:name="com.oppo.launcher.permission.WRITE_SETTINGS" /> <!-- for EvMe -->
59-->[me.leolin:ShortcutBadger:1.1.22] AndroidManifest.xml:46:5-83
59-->[me.leolin:ShortcutBadger:1.1.22] AndroidManifest.xml:46:22-80
60    <uses-permission android:name="me.everything.badger.permission.BADGE_COUNT_READ" />
60-->[me.leolin:ShortcutBadger:1.1.22] AndroidManifest.xml:49:5-88
60-->[me.leolin:ShortcutBadger:1.1.22] AndroidManifest.xml:49:22-85
61    <uses-permission android:name="me.everything.badger.permission.BADGE_COUNT_WRITE" />
61-->[me.leolin:ShortcutBadger:1.1.22] AndroidManifest.xml:50:5-89
61-->[me.leolin:ShortcutBadger:1.1.22] AndroidManifest.xml:50:22-86
62
63    <application
64        android:name="android.app.Application"
64-->src\main\AndroidManifest.xml:13:9-42
65        android:appComponentFactory="androidx.core.app.CoreComponentFactory"
65-->[androidx.core:core:1.10.1] AndroidManifest.xml:28:18-86
66        android:icon="@mipmap/ic_launcher"
66-->src\main\AndroidManifest.xml:14:9-43
67        android:label="attendance_admin" >
67-->src\main\AndroidManifest.xml:12:9-41
68        <meta-data
68-->src\main\AndroidManifest.xml:16:9-17:70
69            android:name="com.google.android.geo.API_KEY"
69-->src\main\AndroidManifest.xml:16:20-65
70            android:value="AIzaSyCPkFmB1tvH_ZX1NNZpw07fYRKLNGq1fUY" />
70-->src\main\AndroidManifest.xml:17:13-68
71
72        <activity
72-->src\main\AndroidManifest.xml:18:9-38:20
73            android:name="com.example.attendance_admin.MainActivity"
73-->src\main\AndroidManifest.xml:19:13-41
74            android:configChanges="orientation|keyboardHidden|keyboard|screenSize|smallestScreenSize|locale|layoutDirection|fontScale|screenLayout|density|uiMode"
74-->src\main\AndroidManifest.xml:23:13-163
75            android:exported="true"
75-->src\main\AndroidManifest.xml:20:13-36
76            android:hardwareAccelerated="true"
76-->src\main\AndroidManifest.xml:24:13-47
77            android:launchMode="singleTop"
77-->src\main\AndroidManifest.xml:21:13-43
78            android:theme="@style/LaunchTheme"
78-->src\main\AndroidManifest.xml:22:13-47
79            android:windowSoftInputMode="adjustResize" >
79-->src\main\AndroidManifest.xml:25:13-55
80
81            <!--
82                 Specifies an Android theme to apply to this Activity as soon as
83                 the Android process has started. This theme is visible to the user
84                 while the Flutter UI initializes. After that, this theme continues
85                 to determine the Window background behind the Flutter UI.
86            -->
87            <meta-data
87-->src\main\AndroidManifest.xml:30:13-33:17
88                android:name="io.flutter.embedding.android.NormalTheme"
88-->src\main\AndroidManifest.xml:31:15-70
89                android:resource="@style/NormalTheme" />
89-->src\main\AndroidManifest.xml:32:15-52
90
91            <intent-filter>
91-->src\main\AndroidManifest.xml:34:13-37:29
92                <action android:name="android.intent.action.MAIN" />
92-->src\main\AndroidManifest.xml:35:17-68
92-->src\main\AndroidManifest.xml:35:25-66
93
94                <category android:name="android.intent.category.LAUNCHER" />
94-->src\main\AndroidManifest.xml:36:17-76
94-->src\main\AndroidManifest.xml:36:27-74
95            </intent-filter>
96        </activity>
97        <!--
98             Don't delete the meta-data below.
99             This is used by the Flutter tool to generate GeneratedPluginRegistrant.java
100        -->
101        <meta-data
101-->src\main\AndroidManifest.xml:41:9-43:33
102            android:name="flutterEmbedding"
102-->src\main\AndroidManifest.xml:42:13-44
103            android:value="2" />
103-->src\main\AndroidManifest.xml:43:13-30
104
105        <service
105-->[:geolocator_android] AndroidManifest.xml:8:9-12:56
106            android:name="com.baseflow.geolocator.GeolocatorLocationService"
106-->[:geolocator_android] AndroidManifest.xml:9:13-77
107            android:enabled="true"
107-->[:geolocator_android] AndroidManifest.xml:10:13-35
108            android:exported="false"
108-->[:geolocator_android] AndroidManifest.xml:11:13-37
109            android:foregroundServiceType="location" />
109-->[:geolocator_android] AndroidManifest.xml:12:13-53
110
111        <provider
111-->[:image_picker_android] AndroidManifest.xml:8:9-16:20
112            android:name="io.flutter.plugins.imagepicker.ImagePickerFileProvider"
112-->[:image_picker_android] AndroidManifest.xml:9:13-82
113            android:authorities="com.example.attendance_admin.flutter.image_provider"
113-->[:image_picker_android] AndroidManifest.xml:10:13-74
114            android:exported="false"
114-->[:image_picker_android] AndroidManifest.xml:11:13-37
115            android:grantUriPermissions="true" >
115-->[:image_picker_android] AndroidManifest.xml:12:13-47
116            <meta-data
116-->[:image_picker_android] AndroidManifest.xml:13:13-15:75
117                android:name="android.support.FILE_PROVIDER_PATHS"
117-->[:image_picker_android] AndroidManifest.xml:14:17-67
118                android:resource="@xml/flutter_image_picker_file_paths" />
118-->[:image_picker_android] AndroidManifest.xml:15:17-72
119        </provider>
120
121        <receiver
121-->[:awesome_notifications] AndroidManifest.xml:13:9-15:39
122            android:name="me.carda.awesome_notifications.DartNotificationActionReceiver"
122-->[:awesome_notifications] AndroidManifest.xml:14:13-89
123            android:exported="true" />
123-->[:awesome_notifications] AndroidManifest.xml:15:13-36
124        <receiver
124-->[:awesome_notifications] AndroidManifest.xml:16:9-18:39
125            android:name="me.carda.awesome_notifications.DartDismissedNotificationReceiver"
125-->[:awesome_notifications] AndroidManifest.xml:17:13-92
126            android:exported="true" />
126-->[:awesome_notifications] AndroidManifest.xml:18:13-36
127        <receiver
127-->[:awesome_notifications] AndroidManifest.xml:19:9-21:39
128            android:name="me.carda.awesome_notifications.DartScheduledNotificationReceiver"
128-->[:awesome_notifications] AndroidManifest.xml:20:13-92
129            android:exported="true" />
129-->[:awesome_notifications] AndroidManifest.xml:21:13-36
130        <receiver
130-->[:awesome_notifications] AndroidManifest.xml:22:9-36:20
131            android:name="me.carda.awesome_notifications.DartRefreshSchedulesReceiver"
131-->[:awesome_notifications] AndroidManifest.xml:23:13-87
132            android:enabled="true"
132-->[:awesome_notifications] AndroidManifest.xml:24:13-35
133            android:exported="true" >
133-->[:awesome_notifications] AndroidManifest.xml:25:13-36
134            <intent-filter>
134-->[:awesome_notifications] AndroidManifest.xml:26:13-35:29
135                <category android:name="android.intent.category.DEFAULT" />
135-->[:awesome_notifications] AndroidManifest.xml:27:17-76
135-->[:awesome_notifications] AndroidManifest.xml:27:27-73
136
137                <action android:name="android.intent.action.BOOT_COMPLETED" />
137-->[:awesome_notifications] AndroidManifest.xml:29:17-79
137-->[:awesome_notifications] AndroidManifest.xml:29:25-76
138                <action android:name="android.intent.action.LOCKED_BOOT_COMPLETED" />
138-->[:awesome_notifications] AndroidManifest.xml:30:17-86
138-->[:awesome_notifications] AndroidManifest.xml:30:25-83
139                <action android:name="android.intent.action.MY_PACKAGE_REPLACED" />
139-->[:awesome_notifications] AndroidManifest.xml:31:17-84
139-->[:awesome_notifications] AndroidManifest.xml:31:25-81
140                <action android:name="android.intent.action.QUICKBOOT_POWERON" />
140-->[:awesome_notifications] AndroidManifest.xml:32:17-82
140-->[:awesome_notifications] AndroidManifest.xml:32:25-79
141                <action android:name="com.htc.intent.action.QUICKBOOT_POWERON" />
141-->[:awesome_notifications] AndroidManifest.xml:33:17-82
141-->[:awesome_notifications] AndroidManifest.xml:33:25-79
142                <action android:name="android.app.action.SCHEDULE_EXACT_ALARM_PERMISSION_STATE_CHANGED" />
142-->[:awesome_notifications] AndroidManifest.xml:34:17-107
142-->[:awesome_notifications] AndroidManifest.xml:34:25-104
143            </intent-filter>
144        </receiver>
145
146        <service
146-->[:awesome_notifications] AndroidManifest.xml:38:9-41:72
147            android:name="me.carda.awesome_notifications.DartBackgroundService"
147-->[:awesome_notifications] AndroidManifest.xml:39:13-80
148            android:exported="false"
148-->[:awesome_notifications] AndroidManifest.xml:40:13-37
149            android:permission="android.permission.BIND_JOB_SERVICE" />
149-->[:awesome_notifications] AndroidManifest.xml:41:13-69
150        <service
150-->[:awesome_notifications] AndroidManifest.xml:42:9-47:43
151            android:name="me.carda.awesome_notifications.core.services.ForegroundService"
151-->[:awesome_notifications] AndroidManifest.xml:43:13-90
152            android:enabled="true"
152-->[:awesome_notifications] AndroidManifest.xml:44:13-35
153            android:exported="false"
153-->[:awesome_notifications] AndroidManifest.xml:45:13-37
154            android:foregroundServiceType="phoneCall"
154-->[:awesome_notifications] AndroidManifest.xml:46:13-54
155            android:stopWithTask="true" />
155-->[:awesome_notifications] AndroidManifest.xml:47:13-40
156
157        <provider
157-->[:open_file] AndroidManifest.xml:9:9-18:20
158            android:name="com.crazecoder.openfile.FileProvider"
158-->[:open_file] AndroidManifest.xml:10:13-64
159            android:authorities="com.example.attendance_admin.fileProvider.com.crazecoder.openfile"
159-->[:open_file] AndroidManifest.xml:11:13-88
160            android:exported="false"
160-->[:open_file] AndroidManifest.xml:12:13-37
161            android:grantUriPermissions="true" >
161-->[:open_file] AndroidManifest.xml:13:13-47
162            <meta-data
162-->[:image_picker_android] AndroidManifest.xml:13:13-15:75
163                android:name="android.support.FILE_PROVIDER_PATHS"
163-->[:image_picker_android] AndroidManifest.xml:14:17-67
164                android:resource="@xml/filepaths" />
164-->[:image_picker_android] AndroidManifest.xml:15:17-72
165        </provider>
166
167        <service
167-->[:location] AndroidManifest.xml:11:9-15:56
168            android:name="com.lyokone.location.FlutterLocationService"
168-->[:location] AndroidManifest.xml:12:13-71
169            android:enabled="true"
169-->[:location] AndroidManifest.xml:13:13-35
170            android:exported="false"
170-->[:location] AndroidManifest.xml:14:13-37
171            android:foregroundServiceType="location" />
171-->[:location] AndroidManifest.xml:15:13-53
172        <service
172-->[me.carda:AndroidAwnCore:0.8.0] AndroidManifest.xml:21:9-28:19
173            android:name="me.carda.awesome_notifications.core.managers.StatusBarManager"
173-->[me.carda:AndroidAwnCore:0.8.0] AndroidManifest.xml:22:13-89
174            android:exported="true"
174-->[me.carda:AndroidAwnCore:0.8.0] AndroidManifest.xml:23:13-36
175            android:label="My Notification Listener Service" >
175-->[me.carda:AndroidAwnCore:0.8.0] AndroidManifest.xml:24:13-61
176            <intent-filter>
176-->[me.carda:AndroidAwnCore:0.8.0] AndroidManifest.xml:25:13-27:29
177                <action android:name="android.service.notification.NotificationListenerService" />
177-->[me.carda:AndroidAwnCore:0.8.0] AndroidManifest.xml:26:17-99
177-->[me.carda:AndroidAwnCore:0.8.0] AndroidManifest.xml:26:25-96
178            </intent-filter>
179        </service>
180        <service
180-->[androidx.room:room-runtime:2.5.0] AndroidManifest.xml:24:9-28:63
181            android:name="androidx.room.MultiInstanceInvalidationService"
181-->[androidx.room:room-runtime:2.5.0] AndroidManifest.xml:25:13-74
182            android:directBootAware="true"
182-->[androidx.room:room-runtime:2.5.0] AndroidManifest.xml:26:13-43
183            android:exported="false" /> <!-- Needs to be explicitly declared on P+ -->
183-->[androidx.room:room-runtime:2.5.0] AndroidManifest.xml:27:13-37
184        <uses-library
184-->[com.google.android.gms:play-services-maps:18.1.0] AndroidManifest.xml:39:9-41:40
185            android:name="org.apache.http.legacy"
185-->[com.google.android.gms:play-services-maps:18.1.0] AndroidManifest.xml:40:13-50
186            android:required="false" />
186-->[com.google.android.gms:play-services-maps:18.1.0] AndroidManifest.xml:41:13-37
187
188        <activity
188-->[com.google.android.gms:play-services-base:18.1.0] AndroidManifest.xml:20:9-22:45
189            android:name="com.google.android.gms.common.api.GoogleApiActivity"
189-->[com.google.android.gms:play-services-base:18.1.0] AndroidManifest.xml:20:19-85
190            android:exported="false"
190-->[com.google.android.gms:play-services-base:18.1.0] AndroidManifest.xml:22:19-43
191            android:theme="@android:style/Theme.Translucent.NoTitleBar" />
191-->[com.google.android.gms:play-services-base:18.1.0] AndroidManifest.xml:21:19-78
192
193        <meta-data
193-->[com.google.android.gms:play-services-basement:18.1.0] AndroidManifest.xml:21:9-23:69
194            android:name="com.google.android.gms.version"
194-->[com.google.android.gms:play-services-basement:18.1.0] AndroidManifest.xml:22:13-58
195            android:value="@integer/google_play_services_version" />
195-->[com.google.android.gms:play-services-basement:18.1.0] AndroidManifest.xml:23:13-66
196
197        <provider
197-->[androidx.emoji2:emoji2:1.2.0] AndroidManifest.xml:24:9-32:20
198            android:name="androidx.startup.InitializationProvider"
198-->[androidx.emoji2:emoji2:1.2.0] AndroidManifest.xml:25:13-67
199            android:authorities="com.example.attendance_admin.androidx-startup"
199-->[androidx.emoji2:emoji2:1.2.0] AndroidManifest.xml:26:13-68
200            android:exported="false" >
200-->[androidx.emoji2:emoji2:1.2.0] AndroidManifest.xml:27:13-37
201            <meta-data
201-->[androidx.emoji2:emoji2:1.2.0] AndroidManifest.xml:29:13-31:52
202                android:name="androidx.emoji2.text.EmojiCompatInitializer"
202-->[androidx.emoji2:emoji2:1.2.0] AndroidManifest.xml:30:17-75
203                android:value="androidx.startup" />
203-->[androidx.emoji2:emoji2:1.2.0] AndroidManifest.xml:31:17-49
204            <meta-data
204-->[androidx.lifecycle:lifecycle-process:2.6.1] AndroidManifest.xml:29:13-31:52
205                android:name="androidx.lifecycle.ProcessLifecycleInitializer"
205-->[androidx.lifecycle:lifecycle-process:2.6.1] AndroidManifest.xml:30:17-78
206                android:value="androidx.startup" />
206-->[androidx.lifecycle:lifecycle-process:2.6.1] AndroidManifest.xml:31:17-49
207            <meta-data
207-->[androidx.profileinstaller:profileinstaller:1.3.0] AndroidManifest.xml:29:13-31:52
208                android:name="androidx.profileinstaller.ProfileInstallerInitializer"
208-->[androidx.profileinstaller:profileinstaller:1.3.0] AndroidManifest.xml:30:17-85
209                android:value="androidx.startup" />
209-->[androidx.profileinstaller:profileinstaller:1.3.0] AndroidManifest.xml:31:17-49
210        </provider>
211
212        <uses-library
212-->[androidx.window:window:1.0.0-beta04] AndroidManifest.xml:25:9-27:40
213            android:name="androidx.window.extensions"
213-->[androidx.window:window:1.0.0-beta04] AndroidManifest.xml:26:13-54
214            android:required="false" />
214-->[androidx.window:window:1.0.0-beta04] AndroidManifest.xml:27:13-37
215        <uses-library
215-->[androidx.window:window:1.0.0-beta04] AndroidManifest.xml:28:9-30:40
216            android:name="androidx.window.sidecar"
216-->[androidx.window:window:1.0.0-beta04] AndroidManifest.xml:29:13-51
217            android:required="false" />
217-->[androidx.window:window:1.0.0-beta04] AndroidManifest.xml:30:13-37
218
219        <receiver
219-->[androidx.profileinstaller:profileinstaller:1.3.0] AndroidManifest.xml:34:9-52:20
220            android:name="androidx.profileinstaller.ProfileInstallReceiver"
220-->[androidx.profileinstaller:profileinstaller:1.3.0] AndroidManifest.xml:35:13-76
221            android:directBootAware="false"
221-->[androidx.profileinstaller:profileinstaller:1.3.0] AndroidManifest.xml:36:13-44
222            android:enabled="true"
222-->[androidx.profileinstaller:profileinstaller:1.3.0] AndroidManifest.xml:37:13-35
223            android:exported="true"
223-->[androidx.profileinstaller:profileinstaller:1.3.0] AndroidManifest.xml:38:13-36
224            android:permission="android.permission.DUMP" >
224-->[androidx.profileinstaller:profileinstaller:1.3.0] AndroidManifest.xml:39:13-57
225            <intent-filter>
225-->[androidx.profileinstaller:profileinstaller:1.3.0] AndroidManifest.xml:40:13-42:29
226                <action android:name="androidx.profileinstaller.action.INSTALL_PROFILE" />
226-->[androidx.profileinstaller:profileinstaller:1.3.0] AndroidManifest.xml:41:17-91
226-->[androidx.profileinstaller:profileinstaller:1.3.0] AndroidManifest.xml:41:25-88
227            </intent-filter>
228            <intent-filter>
228-->[androidx.profileinstaller:profileinstaller:1.3.0] AndroidManifest.xml:43:13-45:29
229                <action android:name="androidx.profileinstaller.action.SKIP_FILE" />
229-->[androidx.profileinstaller:profileinstaller:1.3.0] AndroidManifest.xml:44:17-85
229-->[androidx.profileinstaller:profileinstaller:1.3.0] AndroidManifest.xml:44:25-82
230            </intent-filter>
231            <intent-filter>
231-->[androidx.profileinstaller:profileinstaller:1.3.0] AndroidManifest.xml:46:13-48:29
232                <action android:name="androidx.profileinstaller.action.SAVE_PROFILE" />
232-->[androidx.profileinstaller:profileinstaller:1.3.0] AndroidManifest.xml:47:17-88
232-->[androidx.profileinstaller:profileinstaller:1.3.0] AndroidManifest.xml:47:25-85
233            </intent-filter>
234            <intent-filter>
234-->[androidx.profileinstaller:profileinstaller:1.3.0] AndroidManifest.xml:49:13-51:29
235                <action android:name="androidx.profileinstaller.action.BENCHMARK_OPERATION" />
235-->[androidx.profileinstaller:profileinstaller:1.3.0] AndroidManifest.xml:50:17-95
235-->[androidx.profileinstaller:profileinstaller:1.3.0] AndroidManifest.xml:50:25-92
236            </intent-filter>
237        </receiver>
238    </application>
239
240</manifest>